<?xml version="1.0" encoding="UTF-8"?>
<!-- Generated by org.testng.reporters.JUnitReportReporter -->
<testsuite skipped="0" hostname="H9865.ad.hugeinc.com" name="com.exxon_mobil.runner.TestRunner" tests="4" failures="0" timestamp="2019-12-05T11:05:28 EST" time="210.937" errors="0">
  <testcase name="feature" time="27.589" classname="com.exxon_mobil.runner.TestRunner"/>
  <testcase name="feature" time="47.468" classname="com.exxon_mobil.runner.TestRunner"/>
  <testcase name="feature" time="68.786" classname="com.exxon_mobil.runner.TestRunner"/>
  <testcase name="feature" time="67.094" classname="com.exxon_mobil.runner.TestRunner"/>
</testsuite> <!-- com.exxon_mobil.runner.TestRunner -->
